2022-07-19 12:23:28,861:INFO:PyCaret Supervised Module
2022-07-19 12:23:28,861:INFO:ML Usecase: regression
2022-07-19 12:23:28,861:INFO:version 2.2.2
2022-07-19 12:23:28,861:INFO:Initializing setup()
2022-07-19 12:23:28,861:INFO:setup(target=Price, ml_usecase=regression, available_plots={'parameter': 'Hyperparameters', 'residuals': 'Residuals', 'error': 'Prediction Error', 'cooks': 'Cooks Distance', 'rfe': 'Feature Selection', 'learning': 'Learning Curve', 'manifold': 'Manifold Learning', 'vc': 'Validation Curve', 'feature': 'Feature Importance', 'feature_all': 'Feature Importance (All)', 'tree': 'Decision Tree'}, train_size=0.7, test_data=None, preprocess=True, imputation_type=simple, iterative_imputation_iters=5, categorical_features=None, categorical_imputation=constant, categorical_iterative_imputer=lightgbm, ordinal_features=None, high_cardinality_features=None, high_cardinality_method=frequency, numeric_features=None, numeric_imputation=mean, numeric_iterative_imputer=lightgbm, date_features=None, ignore_features=None, normalize=False, normalize_method=zscore, transformation=False, transformation_method=yeo-johnson, handle_unknown_categorical=True, unknown_categorical_method=least_frequent, pca=False, pca_method=linear, pca_components=None, ignore_low_variance=False, combine_rare_levels=False, rare_level_threshold=0.1, bin_numeric_features=None, remove_outliers=False, outliers_threshold=0.05, remove_multicollinearity=False, multicollinearity_threshold=0.9, remove_perfect_collinearity=True, create_clusters=False, cluster_iter=20, polynomial_features=False, polynomial_degree=2, trigonometry_features=False, polynomial_threshold=0.1, group_features=None, group_names=None, feature_selection=False, feature_selection_threshold=0.8, feature_selection_method=classic, feature_interaction=False, feature_ratio=False, interaction_threshold=0.01, fix_imbalance=False, fix_imbalance_method=None, transform_target=False, transform_target_method=box-cox, data_split_shuffle=True, data_split_stratify=False, fold_strategy=kfold, fold=10, fold_shuffle=False, fold_groups=None, n_jobs=-1, use_gpu=False, custom_pipeline=None, html=True, session_id=None, log_experiment=False, experiment_name=None, log_plots=False, log_profile=False, log_data=False, silent=False, verbose=True, profile=False, profile_kwargs=None, display=None)
2022-07-19 12:23:28,862:INFO:Checking environment
2022-07-19 12:23:28,862:INFO:python_version: 3.9.7
2022-07-19 12:23:28,862:INFO:python_build: ('tags/v3.9.7:1016ef3', 'Aug 30 2021 20:19:38')
2022-07-19 12:23:28,862:INFO:machine: AMD64
2022-07-19 12:23:28,862:INFO:platform: Windows-10-10.0.19043-SP0
2022-07-19 12:23:28,863:WARNING:cannot find psutil installation. memory not traceable. Install psutil using pip to enable memory logging.
2022-07-19 12:23:28,863:INFO:Checking libraries
2022-07-19 12:23:28,863:INFO:pd==1.3.2
2022-07-19 12:23:28,863:INFO:numpy==1.21.6
2022-07-19 12:23:28,863:INFO:sklearn==1.1.1
2022-07-19 12:23:29,313:INFO:xgboost==1.4.2
2022-07-19 12:23:29,313:INFO:lightgbm==3.3.2
2022-07-19 12:23:29,604:INFO:catboost==1.0.6
2022-07-19 12:23:30,627:INFO:mlflow==1.27.0
2022-07-19 12:23:30,628:INFO:Checking Exceptions
2022-07-19 12:23:30,628:INFO:Declaring global variables
2022-07-19 12:23:30,628:INFO:USI: 8070
2022-07-19 12:23:30,628:INFO:pycaret_globals: {'transform_target_method_param', 'experiment__', 'iterative_imputation_iters_param', '_all_metrics', '_available_plots', 'n_jobs_param', '_gpu_n_jobs_param', '_all_models', 'master_model_container', 'fold_param', 'imputation_classifier', 'fold_groups_param', 'fix_imbalance_param', 'fix_imbalance_method_param', 'y_test', 'html_param', '_internal_pipeline', 'imputation_regressor', '_ml_usecase', '_all_models_internal', 'exp_name_log', 'gpu_param', 'display_container', 'target_param', 'create_model_container', 'log_plots_param', 'seed', 'transform_target_param', 'fold_shuffle_param', 'X_test', 'pycaret_globals', 'USI', 'X_train', 'y', 'prep_pipe', 'stratify_param', 'data_before_preprocess', 'X', 'logging_param', 'fold_generator', 'y_train'}
2022-07-19 12:23:30,629:INFO:Preparing display monitor
2022-07-19 12:23:30,629:INFO:Preparing display monitor
2022-07-19 12:23:30,644:INFO:Importing libraries
2022-07-19 12:23:30,644:INFO:Copying data for preprocessing
2022-07-19 12:23:30,655:INFO:Declaring preprocessing parameters
2022-07-19 12:23:30,684:INFO:Creating preprocessing pipeline
2022-07-19 12:23:30,733:INFO:Preprocessing pipeline created successfully
2022-07-19 12:23:30,733:ERROR:(Process Exit): setup has been interupted with user command 'quit'. setup must rerun.
2022-07-19 12:23:30,733:INFO:Creating global containers
2022-07-19 12:23:44,197:INFO:PyCaret Supervised Module
2022-07-19 12:23:44,198:INFO:ML Usecase: regression
2022-07-19 12:23:44,198:INFO:version 2.2.2
2022-07-19 12:23:44,198:INFO:Initializing setup()
2022-07-19 12:23:44,198:INFO:setup(target=Price, ml_usecase=regression, available_plots={'parameter': 'Hyperparameters', 'residuals': 'Residuals', 'error': 'Prediction Error', 'cooks': 'Cooks Distance', 'rfe': 'Feature Selection', 'learning': 'Learning Curve', 'manifold': 'Manifold Learning', 'vc': 'Validation Curve', 'feature': 'Feature Importance', 'feature_all': 'Feature Importance (All)', 'tree': 'Decision Tree'}, train_size=0.7, test_data=None, preprocess=True, imputation_type=simple, iterative_imputation_iters=5, categorical_features=None, categorical_imputation=constant, categorical_iterative_imputer=lightgbm, ordinal_features=None, high_cardinality_features=None, high_cardinality_method=frequency, numeric_features=None, numeric_imputation=mean, numeric_iterative_imputer=lightgbm, date_features=None, ignore_features=None, normalize=False, normalize_method=zscore, transformation=False, transformation_method=yeo-johnson, handle_unknown_categorical=True, unknown_categorical_method=least_frequent, pca=False, pca_method=linear, pca_components=None, ignore_low_variance=False, combine_rare_levels=False, rare_level_threshold=0.1, bin_numeric_features=None, remove_outliers=False, outliers_threshold=0.05, remove_multicollinearity=False, multicollinearity_threshold=0.9, remove_perfect_collinearity=True, create_clusters=False, cluster_iter=20, polynomial_features=False, polynomial_degree=2, trigonometry_features=False, polynomial_threshold=0.1, group_features=None, group_names=None, feature_selection=False, feature_selection_threshold=0.8, feature_selection_method=classic, feature_interaction=False, feature_ratio=False, interaction_threshold=0.01, fix_imbalance=False, fix_imbalance_method=None, transform_target=False, transform_target_method=box-cox, data_split_shuffle=True, data_split_stratify=False, fold_strategy=kfold, fold=10, fold_shuffle=False, fold_groups=None, n_jobs=-1, use_gpu=False, custom_pipeline=None, html=True, session_id=None, log_experiment=False, experiment_name=None, log_plots=False, log_profile=False, log_data=False, silent=False, verbose=True, profile=False, profile_kwargs=None, display=None)
2022-07-19 12:23:44,198:INFO:Checking environment
2022-07-19 12:23:44,198:INFO:python_version: 3.9.7
2022-07-19 12:23:44,199:INFO:python_build: ('tags/v3.9.7:1016ef3', 'Aug 30 2021 20:19:38')
2022-07-19 12:23:44,199:INFO:machine: AMD64
2022-07-19 12:23:44,199:INFO:platform: Windows-10-10.0.19043-SP0
2022-07-19 12:23:44,200:WARNING:cannot find psutil installation. memory not traceable. Install psutil using pip to enable memory logging.
2022-07-19 12:23:44,200:INFO:Checking libraries
2022-07-19 12:23:44,200:INFO:pd==1.3.2
2022-07-19 12:23:44,201:INFO:numpy==1.21.6
2022-07-19 12:23:44,201:INFO:sklearn==1.1.1
2022-07-19 12:23:44,201:INFO:xgboost==1.4.2
2022-07-19 12:23:44,201:INFO:lightgbm==3.3.2
2022-07-19 12:23:44,201:INFO:catboost==1.0.6
2022-07-19 12:23:44,201:INFO:mlflow==1.27.0
2022-07-19 12:23:44,201:INFO:Checking Exceptions
2022-07-19 12:23:44,201:INFO:Declaring global variables
2022-07-19 12:23:44,201:INFO:USI: bace
2022-07-19 12:23:44,201:INFO:pycaret_globals: {'transform_target_method_param', 'experiment__', 'iterative_imputation_iters_param', '_all_metrics', '_available_plots', 'n_jobs_param', '_gpu_n_jobs_param', '_all_models', 'master_model_container', 'fold_param', 'imputation_classifier', 'fold_groups_param', 'fix_imbalance_param', 'fix_imbalance_method_param', 'y_test', 'html_param', '_internal_pipeline', 'imputation_regressor', '_ml_usecase', '_all_models_internal', 'exp_name_log', 'gpu_param', 'display_container', 'target_param', 'create_model_container', 'log_plots_param', 'seed', 'transform_target_param', 'fold_shuffle_param', 'X_test', 'pycaret_globals', 'USI', 'X_train', 'y', 'prep_pipe', 'stratify_param', 'data_before_preprocess', 'X', 'logging_param', 'fold_generator', 'y_train'}
2022-07-19 12:23:44,201:INFO:Preparing display monitor
2022-07-19 12:23:44,201:INFO:Preparing display monitor
2022-07-19 12:23:44,215:INFO:Importing libraries
2022-07-19 12:23:44,215:INFO:Copying data for preprocessing
2022-07-19 12:23:44,227:INFO:Declaring preprocessing parameters
2022-07-19 12:23:44,229:INFO:Creating preprocessing pipeline
2022-07-19 12:23:44,258:INFO:Preprocessing pipeline created successfully
2022-07-19 12:23:44,258:ERROR:(Process Exit): setup has been interupted with user command 'quit'. setup must rerun.
2022-07-19 12:23:44,258:INFO:Creating global containers
2022-07-19 12:23:57,281:INFO:PyCaret Supervised Module
2022-07-19 12:23:57,281:INFO:ML Usecase: regression
2022-07-19 12:23:57,281:INFO:version 2.2.2
2022-07-19 12:23:57,282:INFO:Initializing setup()
2022-07-19 12:23:57,282:INFO:setup(target=Price, ml_usecase=regression, available_plots={'parameter': 'Hyperparameters', 'residuals': 'Residuals', 'error': 'Prediction Error', 'cooks': 'Cooks Distance', 'rfe': 'Feature Selection', 'learning': 'Learning Curve', 'manifold': 'Manifold Learning', 'vc': 'Validation Curve', 'feature': 'Feature Importance', 'feature_all': 'Feature Importance (All)', 'tree': 'Decision Tree'}, train_size=0.7, test_data=None, preprocess=True, imputation_type=simple, iterative_imputation_iters=5, categorical_features=None, categorical_imputation=constant, categorical_iterative_imputer=lightgbm, ordinal_features=None, high_cardinality_features=None, high_cardinality_method=frequency, numeric_features=None, numeric_imputation=mean, numeric_iterative_imputer=lightgbm, date_features=None, ignore_features=None, normalize=False, normalize_method=zscore, transformation=False, transformation_method=yeo-johnson, handle_unknown_categorical=True, unknown_categorical_method=least_frequent, pca=False, pca_method=linear, pca_components=None, ignore_low_variance=False, combine_rare_levels=False, rare_level_threshold=0.1, bin_numeric_features=None, remove_outliers=False, outliers_threshold=0.05, remove_multicollinearity=False, multicollinearity_threshold=0.9, remove_perfect_collinearity=True, create_clusters=False, cluster_iter=20, polynomial_features=False, polynomial_degree=2, trigonometry_features=False, polynomial_threshold=0.1, group_features=None, group_names=None, feature_selection=False, feature_selection_threshold=0.8, feature_selection_method=classic, feature_interaction=False, feature_ratio=False, interaction_threshold=0.01, fix_imbalance=False, fix_imbalance_method=None, transform_target=False, transform_target_method=box-cox, data_split_shuffle=True, data_split_stratify=False, fold_strategy=kfold, fold=10, fold_shuffle=False, fold_groups=None, n_jobs=-1, use_gpu=False, custom_pipeline=None, html=True, session_id=None, log_experiment=False, experiment_name=None, log_plots=False, log_profile=False, log_data=False, silent=False, verbose=True, profile=False, profile_kwargs=None, display=None)
2022-07-19 12:23:57,282:INFO:Checking environment
2022-07-19 12:23:57,282:INFO:python_version: 3.9.7
2022-07-19 12:23:57,282:INFO:python_build: ('tags/v3.9.7:1016ef3', 'Aug 30 2021 20:19:38')
2022-07-19 12:23:57,282:INFO:machine: AMD64
2022-07-19 12:23:57,283:INFO:platform: Windows-10-10.0.19043-SP0
2022-07-19 12:23:57,284:WARNING:cannot find psutil installation. memory not traceable. Install psutil using pip to enable memory logging.
2022-07-19 12:23:57,284:INFO:Checking libraries
2022-07-19 12:23:57,284:INFO:pd==1.3.2
2022-07-19 12:23:57,284:INFO:numpy==1.21.6
2022-07-19 12:23:57,284:INFO:sklearn==1.1.1
2022-07-19 12:23:57,284:INFO:xgboost==1.4.2
2022-07-19 12:23:57,284:INFO:lightgbm==3.3.2
2022-07-19 12:23:57,284:INFO:catboost==1.0.6
2022-07-19 12:23:57,284:INFO:mlflow==1.27.0
2022-07-19 12:23:57,284:INFO:Checking Exceptions
2022-07-19 12:23:57,285:INFO:Declaring global variables
2022-07-19 12:23:57,285:INFO:USI: de2d
2022-07-19 12:23:57,285:INFO:pycaret_globals: {'transform_target_method_param', 'experiment__', 'iterative_imputation_iters_param', '_all_metrics', '_available_plots', 'n_jobs_param', '_gpu_n_jobs_param', '_all_models', 'master_model_container', 'fold_param', 'imputation_classifier', 'fold_groups_param', 'fix_imbalance_param', 'fix_imbalance_method_param', 'y_test', 'html_param', '_internal_pipeline', 'imputation_regressor', '_ml_usecase', '_all_models_internal', 'exp_name_log', 'gpu_param', 'display_container', 'target_param', 'create_model_container', 'log_plots_param', 'seed', 'transform_target_param', 'fold_shuffle_param', 'X_test', 'pycaret_globals', 'USI', 'X_train', 'y', 'prep_pipe', 'stratify_param', 'data_before_preprocess', 'X', 'logging_param', 'fold_generator', 'y_train'}
2022-07-19 12:23:57,285:INFO:Preparing display monitor
2022-07-19 12:23:57,285:INFO:Preparing display monitor
2022-07-19 12:23:57,297:INFO:Importing libraries
2022-07-19 12:23:57,297:INFO:Copying data for preprocessing
2022-07-19 12:23:57,307:INFO:Declaring preprocessing parameters
2022-07-19 12:23:57,310:INFO:Creating preprocessing pipeline
2022-07-19 12:23:57,345:INFO:Preprocessing pipeline created successfully
2022-07-19 12:23:57,345:ERROR:(Process Exit): setup has been interupted with user command 'quit'. setup must rerun.
2022-07-19 12:23:57,345:INFO:Creating global containers
2022-07-19 12:24:12,350:INFO:PyCaret Supervised Module
2022-07-19 12:24:12,350:INFO:ML Usecase: regression
2022-07-19 12:24:12,350:INFO:version 2.2.2
2022-07-19 12:24:12,350:INFO:Initializing setup()
2022-07-19 12:24:12,350:INFO:setup(target=Price, ml_usecase=regression, available_plots={'parameter': 'Hyperparameters', 'residuals': 'Residuals', 'error': 'Prediction Error', 'cooks': 'Cooks Distance', 'rfe': 'Feature Selection', 'learning': 'Learning Curve', 'manifold': 'Manifold Learning', 'vc': 'Validation Curve', 'feature': 'Feature Importance', 'feature_all': 'Feature Importance (All)', 'tree': 'Decision Tree'}, train_size=0.7, test_data=None, preprocess=True, imputation_type=simple, iterative_imputation_iters=5, categorical_features=None, categorical_imputation=constant, categorical_iterative_imputer=lightgbm, ordinal_features=None, high_cardinality_features=None, high_cardinality_method=frequency, numeric_features=None, numeric_imputation=mean, numeric_iterative_imputer=lightgbm, date_features=None, ignore_features=None, normalize=False, normalize_method=zscore, transformation=False, transformation_method=yeo-johnson, handle_unknown_categorical=True, unknown_categorical_method=least_frequent, pca=False, pca_method=linear, pca_components=None, ignore_low_variance=False, combine_rare_levels=False, rare_level_threshold=0.1, bin_numeric_features=None, remove_outliers=False, outliers_threshold=0.05, remove_multicollinearity=False, multicollinearity_threshold=0.9, remove_perfect_collinearity=True, create_clusters=False, cluster_iter=20, polynomial_features=False, polynomial_degree=2, trigonometry_features=False, polynomial_threshold=0.1, group_features=None, group_names=None, feature_selection=False, feature_selection_threshold=0.8, feature_selection_method=classic, feature_interaction=False, feature_ratio=False, interaction_threshold=0.01, fix_imbalance=False, fix_imbalance_method=None, transform_target=False, transform_target_method=box-cox, data_split_shuffle=True, data_split_stratify=False, fold_strategy=kfold, fold=10, fold_shuffle=False, fold_groups=None, n_jobs=-1, use_gpu=False, custom_pipeline=None, html=True, session_id=None, log_experiment=False, experiment_name=None, log_plots=False, log_profile=False, log_data=False, silent=False, verbose=True, profile=False, profile_kwargs=None, display=None)
2022-07-19 12:24:12,351:INFO:Checking environment
2022-07-19 12:24:12,351:INFO:python_version: 3.9.7
2022-07-19 12:24:12,351:INFO:python_build: ('tags/v3.9.7:1016ef3', 'Aug 30 2021 20:19:38')
2022-07-19 12:24:12,351:INFO:machine: AMD64
2022-07-19 12:24:12,351:INFO:platform: Windows-10-10.0.19043-SP0
2022-07-19 12:24:12,352:WARNING:cannot find psutil installation. memory not traceable. Install psutil using pip to enable memory logging.
2022-07-19 12:24:12,352:INFO:Checking libraries
2022-07-19 12:24:12,352:INFO:pd==1.3.2
2022-07-19 12:24:12,352:INFO:numpy==1.21.6
2022-07-19 12:24:12,352:INFO:sklearn==1.1.1
2022-07-19 12:24:12,553:INFO:xgboost==1.4.2
2022-07-19 12:24:12,553:INFO:lightgbm==3.3.2
2022-07-19 12:24:12,573:INFO:catboost==1.0.6
2022-07-19 12:24:13,055:INFO:mlflow==1.27.0
2022-07-19 12:24:13,055:INFO:Checking Exceptions
2022-07-19 12:24:13,055:INFO:Declaring global variables
2022-07-19 12:24:13,055:INFO:USI: 5edb
2022-07-19 12:24:13,056:INFO:pycaret_globals: {'_all_models_internal', 'iterative_imputation_iters_param', 'fold_param', 'exp_name_log', 'X', 'master_model_container', 'y_test', 'imputation_regressor', 'fold_groups_param', 'fold_shuffle_param', '_ml_usecase', 'fold_generator', 'X_test', 'n_jobs_param', 'gpu_param', 'logging_param', 'experiment__', '_all_models', 'transform_target_method_param', 'stratify_param', 'seed', '_available_plots', 'target_param', 'fix_imbalance_param', 'html_param', 'X_train', 'transform_target_param', 'imputation_classifier', 'prep_pipe', '_all_metrics', '_internal_pipeline', 'pycaret_globals', 'y', '_gpu_n_jobs_param', 'display_container', 'y_train', 'data_before_preprocess', 'fix_imbalance_method_param', 'log_plots_param', 'USI', 'create_model_container'}
2022-07-19 12:24:13,056:INFO:Preparing display monitor
2022-07-19 12:24:13,056:INFO:Preparing display monitor
2022-07-19 12:24:13,070:INFO:Importing libraries
2022-07-19 12:24:13,070:INFO:Copying data for preprocessing
2022-07-19 12:24:13,081:INFO:Declaring preprocessing parameters
2022-07-19 12:24:13,083:INFO:Creating preprocessing pipeline
2022-07-19 12:24:13,107:INFO:Preprocessing pipeline created successfully
2022-07-19 12:24:13,107:ERROR:(Process Exit): setup has been interupted with user command 'quit'. setup must rerun.
2022-07-19 12:24:13,108:INFO:Creating global containers
2022-07-19 12:24:55,295:INFO:PyCaret Supervised Module
2022-07-19 12:24:55,295:INFO:ML Usecase: regression
2022-07-19 12:24:55,295:INFO:version 2.2.2
2022-07-19 12:24:55,295:INFO:Initializing setup()
2022-07-19 12:24:55,295:INFO:setup(target=Price, ml_usecase=regression, available_plots={'parameter': 'Hyperparameters', 'residuals': 'Residuals', 'error': 'Prediction Error', 'cooks': 'Cooks Distance', 'rfe': 'Feature Selection', 'learning': 'Learning Curve', 'manifold': 'Manifold Learning', 'vc': 'Validation Curve', 'feature': 'Feature Importance', 'feature_all': 'Feature Importance (All)', 'tree': 'Decision Tree'}, train_size=0.7, test_data=None, preprocess=True, imputation_type=simple, iterative_imputation_iters=5, categorical_features=None, categorical_imputation=constant, categorical_iterative_imputer=lightgbm, ordinal_features=None, high_cardinality_features=None, high_cardinality_method=frequency, numeric_features=None, numeric_imputation=mean, numeric_iterative_imputer=lightgbm, date_features=None, ignore_features=None, normalize=False, normalize_method=zscore, transformation=False, transformation_method=yeo-johnson, handle_unknown_categorical=True, unknown_categorical_method=least_frequent, pca=False, pca_method=linear, pca_components=None, ignore_low_variance=False, combine_rare_levels=False, rare_level_threshold=0.1, bin_numeric_features=None, remove_outliers=False, outliers_threshold=0.05, remove_multicollinearity=False, multicollinearity_threshold=0.9, remove_perfect_collinearity=True, create_clusters=False, cluster_iter=20, polynomial_features=False, polynomial_degree=2, trigonometry_features=False, polynomial_threshold=0.1, group_features=None, group_names=None, feature_selection=False, feature_selection_threshold=0.8, feature_selection_method=classic, feature_interaction=False, feature_ratio=False, interaction_threshold=0.01, fix_imbalance=False, fix_imbalance_method=None, transform_target=False, transform_target_method=box-cox, data_split_shuffle=True, data_split_stratify=False, fold_strategy=kfold, fold=10, fold_shuffle=True, fold_groups=None, n_jobs=-1, use_gpu=False, custom_pipeline=None, html=True, session_id=None, log_experiment=False, experiment_name=None, log_plots=False, log_profile=False, log_data=False, silent=False, verbose=True, profile=False, profile_kwargs=None, display=None)
2022-07-19 12:24:55,296:INFO:Checking environment
2022-07-19 12:24:55,296:INFO:python_version: 3.9.7
2022-07-19 12:24:55,296:INFO:python_build: ('tags/v3.9.7:1016ef3', 'Aug 30 2021 20:19:38')
2022-07-19 12:24:55,296:INFO:machine: AMD64
2022-07-19 12:24:55,296:INFO:platform: Windows-10-10.0.19043-SP0
2022-07-19 12:24:55,298:WARNING:cannot find psutil installation. memory not traceable. Install psutil using pip to enable memory logging.
2022-07-19 12:24:55,298:INFO:Checking libraries
2022-07-19 12:24:55,298:INFO:pd==1.3.2
2022-07-19 12:24:55,298:INFO:numpy==1.21.6
2022-07-19 12:24:55,298:INFO:sklearn==1.1.1
2022-07-19 12:24:55,298:INFO:xgboost==1.4.2
2022-07-19 12:24:55,298:INFO:lightgbm==3.3.2
2022-07-19 12:24:55,299:INFO:catboost==1.0.6
2022-07-19 12:24:55,299:INFO:mlflow==1.27.0
2022-07-19 12:24:55,299:INFO:Checking Exceptions
2022-07-19 12:24:55,299:INFO:Declaring global variables
2022-07-19 12:24:55,299:INFO:USI: 3858
2022-07-19 12:24:55,299:INFO:pycaret_globals: {'_all_models_internal', 'iterative_imputation_iters_param', 'fold_param', 'exp_name_log', 'X', 'master_model_container', 'y_test', 'imputation_regressor', 'fold_groups_param', 'fold_shuffle_param', '_ml_usecase', 'fold_generator', 'X_test', 'n_jobs_param', 'gpu_param', 'logging_param', 'experiment__', '_all_models', 'transform_target_method_param', 'stratify_param', 'seed', '_available_plots', 'target_param', 'fix_imbalance_param', 'html_param', 'X_train', 'transform_target_param', 'imputation_classifier', 'prep_pipe', '_all_metrics', '_internal_pipeline', 'pycaret_globals', 'y', '_gpu_n_jobs_param', 'display_container', 'y_train', 'data_before_preprocess', 'fix_imbalance_method_param', 'log_plots_param', 'USI', 'create_model_container'}
2022-07-19 12:24:55,299:INFO:Preparing display monitor
2022-07-19 12:24:55,300:INFO:Preparing display monitor
2022-07-19 12:24:55,318:INFO:Importing libraries
2022-07-19 12:24:55,318:INFO:Copying data for preprocessing
2022-07-19 12:24:55,331:INFO:Declaring preprocessing parameters
2022-07-19 12:24:55,334:INFO:Creating preprocessing pipeline
2022-07-19 12:24:55,366:INFO:Preprocessing pipeline created successfully
2022-07-19 12:24:55,366:ERROR:(Process Exit): setup has been interupted with user command 'quit'. setup must rerun.
2022-07-19 12:24:55,367:INFO:Creating global containers
2022-07-19 12:24:55,368:INFO:Internal pipeline: Pipeline(memory=None, steps=[('empty_step', 'passthrough')], verbose=False)
2022-07-19 12:24:59,035:INFO:Creating grid variables
2022-07-19 12:24:59,050:INFO:create_model_container: 0
2022-07-19 12:24:59,050:INFO:master_model_container: 0
2022-07-19 12:24:59,050:INFO:display_container: 0
2022-07-19 12:29:21,191:INFO:PyCaret Supervised Module
2022-07-19 12:29:21,191:INFO:ML Usecase: regression
2022-07-19 12:29:21,191:INFO:version 2.2.2
2022-07-19 12:29:21,191:INFO:Initializing setup()
2022-07-19 12:29:21,191:INFO:setup(target=Price, ml_usecase=regression, available_plots={'parameter': 'Hyperparameters', 'residuals': 'Residuals', 'error': 'Prediction Error', 'cooks': 'Cooks Distance', 'rfe': 'Feature Selection', 'learning': 'Learning Curve', 'manifold': 'Manifold Learning', 'vc': 'Validation Curve', 'feature': 'Feature Importance', 'feature_all': 'Feature Importance (All)', 'tree': 'Decision Tree'}, train_size=0.7, test_data=None, preprocess=True, imputation_type=simple, iterative_imputation_iters=5, categorical_features=None, categorical_imputation=constant, categorical_iterative_imputer=lightgbm, ordinal_features=None, high_cardinality_features=None, high_cardinality_method=frequency, numeric_features=None, numeric_imputation=mean, numeric_iterative_imputer=lightgbm, date_features=None, ignore_features=None, normalize=False, normalize_method=zscore, transformation=False, transformation_method=yeo-johnson, handle_unknown_categorical=True, unknown_categorical_method=least_frequent, pca=False, pca_method=linear, pca_components=None, ignore_low_variance=False, combine_rare_levels=False, rare_level_threshold=0.1, bin_numeric_features=None, remove_outliers=False, outliers_threshold=0.05, remove_multicollinearity=False, multicollinearity_threshold=0.9, remove_perfect_collinearity=True, create_clusters=False, cluster_iter=20, polynomial_features=False, polynomial_degree=2, trigonometry_features=False, polynomial_threshold=0.1, group_features=None, group_names=None, feature_selection=False, feature_selection_threshold=0.8, feature_selection_method=classic, feature_interaction=False, feature_ratio=False, interaction_threshold=0.01, fix_imbalance=False, fix_imbalance_method=None, transform_target=False, transform_target_method=box-cox, data_split_shuffle=True, data_split_stratify=False, fold_strategy=kfold, fold=10, fold_shuffle=True, fold_groups=None, n_jobs=-1, use_gpu=False, custom_pipeline=None, html=True, session_id=None, log_experiment=False, experiment_name=None, log_plots=False, log_profile=False, log_data=False, silent=False, verbose=True, profile=False, profile_kwargs=None, display=None)
2022-07-19 12:29:21,192:INFO:Checking environment
2022-07-19 12:29:21,192:INFO:python_version: 3.9.7
2022-07-19 12:29:21,192:INFO:python_build: ('tags/v3.9.7:1016ef3', 'Aug 30 2021 20:19:38')
2022-07-19 12:29:21,192:INFO:machine: AMD64
2022-07-19 12:29:21,192:INFO:platform: Windows-10-10.0.19043-SP0
2022-07-19 12:29:21,192:INFO:Memory: svmem(total=12815585280, available=5001383936, percent=61.0, used=7814201344, free=5001383936)
2022-07-19 12:29:21,192:INFO:Physical Core: 4
2022-07-19 12:29:21,192:INFO:Logical Core: 8
2022-07-19 12:29:21,192:INFO:Checking libraries
2022-07-19 12:29:21,192:INFO:pd==1.3.2
2022-07-19 12:29:21,192:INFO:numpy==1.21.6
2022-07-19 12:29:21,192:INFO:sklearn==1.1.1
2022-07-19 12:29:21,409:INFO:xgboost==1.4.2
2022-07-19 12:29:21,409:INFO:lightgbm==3.3.2
2022-07-19 12:29:21,431:INFO:catboost==1.0.6
2022-07-19 12:29:22,001:INFO:mlflow==1.27.0
2022-07-19 12:29:22,002:INFO:Checking Exceptions
2022-07-19 12:29:22,002:INFO:Declaring global variables
2022-07-19 12:29:22,002:INFO:USI: 769b
2022-07-19 12:29:22,002:INFO:pycaret_globals: {'y_train', 'target_param', 'fold_param', 'fold_shuffle_param', 'logging_param', 'fix_imbalance_method_param', '_internal_pipeline', 'display_container', 'X', 'USI', 'seed', 'fix_imbalance_param', '_available_plots', '_all_models', 'transform_target_param', 'imputation_regressor', 'fold_generator', 'fold_groups_param', 'pycaret_globals', 'imputation_classifier', 'y', 'create_model_container', 'master_model_container', '_ml_usecase', 'X_test', 'gpu_param', '_all_metrics', 'exp_name_log', 'log_plots_param', '_gpu_n_jobs_param', 'iterative_imputation_iters_param', 'html_param', 'stratify_param', '_all_models_internal', 'y_test', 'data_before_preprocess', 'prep_pipe', 'X_train', 'n_jobs_param', 'experiment__', 'transform_target_method_param'}
2022-07-19 12:29:22,002:INFO:Preparing display monitor
2022-07-19 12:29:22,002:INFO:Preparing display monitor
2022-07-19 12:29:22,012:INFO:Importing libraries
2022-07-19 12:29:22,012:INFO:Copying data for preprocessing
2022-07-19 12:29:22,021:INFO:Declaring preprocessing parameters
2022-07-19 12:29:22,023:INFO:Creating preprocessing pipeline
2022-07-19 12:29:22,065:INFO:Preprocessing pipeline created successfully
2022-07-19 12:29:22,066:ERROR:(Process Exit): setup has been interupted with user command 'quit'. setup must rerun.
2022-07-19 12:29:22,066:INFO:Creating global containers
2022-07-19 12:29:22,067:INFO:Internal pipeline: Pipeline(memory=None, steps=[('empty_step', 'passthrough')], verbose=False)
2022-07-19 12:29:26,513:INFO:Creating grid variables
2022-07-19 12:29:26,528:INFO:create_model_container: 0
2022-07-19 12:29:26,528:INFO:master_model_container: 0
2022-07-19 12:29:26,528:INFO:display_container: 0
2022-07-19 12:30:06,971:INFO:PyCaret Supervised Module
2022-07-19 12:30:06,971:INFO:ML Usecase: regression
2022-07-19 12:30:06,971:INFO:version 2.2.2
2022-07-19 12:30:06,971:INFO:Initializing setup()
2022-07-19 12:30:06,971:INFO:setup(target=Price, ml_usecase=regression, available_plots={'parameter': 'Hyperparameters', 'residuals': 'Residuals', 'error': 'Prediction Error', 'cooks': 'Cooks Distance', 'rfe': 'Feature Selection', 'learning': 'Learning Curve', 'manifold': 'Manifold Learning', 'vc': 'Validation Curve', 'feature': 'Feature Importance', 'feature_all': 'Feature Importance (All)', 'tree': 'Decision Tree'}, train_size=0.7, test_data=None, preprocess=True, imputation_type=iterative, iterative_imputation_iters=5, categorical_features=None, categorical_imputation=constant, categorical_iterative_imputer=lightgbm, ordinal_features=None, high_cardinality_features=None, high_cardinality_method=frequency, numeric_features=None, numeric_imputation=mean, numeric_iterative_imputer=lightgbm, date_features=None, ignore_features=None, normalize=False, normalize_method=zscore, transformation=False, transformation_method=yeo-johnson, handle_unknown_categorical=True, unknown_categorical_method=least_frequent, pca=False, pca_method=linear, pca_components=None, ignore_low_variance=False, combine_rare_levels=False, rare_level_threshold=0.1, bin_numeric_features=None, remove_outliers=False, outliers_threshold=0.05, remove_multicollinearity=False, multicollinearity_threshold=0.9, remove_perfect_collinearity=True, create_clusters=False, cluster_iter=20, polynomial_features=False, polynomial_degree=2, trigonometry_features=False, polynomial_threshold=0.1, group_features=None, group_names=None, feature_selection=False, feature_selection_threshold=0.8, feature_selection_method=classic, feature_interaction=False, feature_ratio=False, interaction_threshold=0.01, fix_imbalance=False, fix_imbalance_method=None, transform_target=False, transform_target_method=box-cox, data_split_shuffle=True, data_split_stratify=False, fold_strategy=kfold, fold=10, fold_shuffle=True, fold_groups=None, n_jobs=-1, use_gpu=False, custom_pipeline=None, html=True, session_id=None, log_experiment=False, experiment_name=None, log_plots=False, log_profile=False, log_data=False, silent=False, verbose=True, profile=False, profile_kwargs=None, display=None)
2022-07-19 12:30:06,972:INFO:Checking environment
2022-07-19 12:30:06,972:INFO:python_version: 3.9.7
2022-07-19 12:30:06,972:INFO:python_build: ('tags/v3.9.7:1016ef3', 'Aug 30 2021 20:19:38')
2022-07-19 12:30:06,972:INFO:machine: AMD64
2022-07-19 12:30:06,972:INFO:platform: Windows-10-10.0.19043-SP0
2022-07-19 12:30:06,972:INFO:Memory: svmem(total=12815585280, available=4694552576, percent=63.4, used=8121032704, free=4694552576)
2022-07-19 12:30:06,973:INFO:Physical Core: 4
2022-07-19 12:30:06,973:INFO:Logical Core: 8
2022-07-19 12:30:06,973:INFO:Checking libraries
2022-07-19 12:30:06,973:INFO:pd==1.3.2
2022-07-19 12:30:06,973:INFO:numpy==1.21.6
2022-07-19 12:30:06,973:INFO:sklearn==1.1.1
2022-07-19 12:30:06,973:INFO:xgboost==1.4.2
2022-07-19 12:30:06,973:INFO:lightgbm==3.3.2
2022-07-19 12:30:06,973:INFO:catboost==1.0.6
2022-07-19 12:30:06,973:INFO:mlflow==1.27.0
2022-07-19 12:30:06,973:INFO:Checking Exceptions
2022-07-19 12:30:06,974:INFO:Declaring global variables
2022-07-19 12:30:06,974:INFO:USI: 48e0
2022-07-19 12:30:06,974:INFO:pycaret_globals: {'y_train', 'target_param', 'fold_param', 'fold_shuffle_param', 'logging_param', 'fix_imbalance_method_param', '_internal_pipeline', 'display_container', 'X', 'USI', 'seed', 'fix_imbalance_param', '_available_plots', '_all_models', 'transform_target_param', 'imputation_regressor', 'fold_generator', 'fold_groups_param', 'pycaret_globals', 'imputation_classifier', 'y', 'create_model_container', 'master_model_container', '_ml_usecase', 'X_test', 'gpu_param', '_all_metrics', 'exp_name_log', 'log_plots_param', '_gpu_n_jobs_param', 'iterative_imputation_iters_param', 'html_param', 'stratify_param', '_all_models_internal', 'y_test', 'data_before_preprocess', 'prep_pipe', 'X_train', 'n_jobs_param', 'experiment__', 'transform_target_method_param'}
2022-07-19 12:30:06,974:INFO:Preparing display monitor
2022-07-19 12:30:06,974:INFO:Preparing display monitor
2022-07-19 12:30:06,992:INFO:Importing libraries
2022-07-19 12:30:06,992:INFO:Copying data for preprocessing
2022-07-19 12:30:07,006:INFO:Declaring preprocessing parameters
2022-07-19 12:30:07,009:INFO:Setting up iterative imputation
2022-07-19 12:30:07,351:INFO:Creating preprocessing pipeline
2022-07-19 12:30:07,368:INFO:Preprocessing pipeline created successfully
2022-07-19 12:30:07,369:ERROR:(Process Exit): setup has been interupted with user command 'quit'. setup must rerun.
2022-07-19 12:30:07,369:INFO:Creating global containers
2022-07-19 12:30:07,369:INFO:Internal pipeline: Pipeline(memory=None, steps=[('empty_step', 'passthrough')], verbose=False)
2022-07-19 12:30:10,585:INFO:Creating grid variables
2022-07-19 12:30:10,597:INFO:create_model_container: 0
2022-07-19 12:30:10,597:INFO:master_model_container: 0
2022-07-19 12:30:10,597:INFO:display_container: 0
2022-07-19 12:38:11,838:INFO:PyCaret Supervised Module
2022-07-19 12:38:11,838:INFO:ML Usecase: regression
2022-07-19 12:38:11,838:INFO:version 2.2.2
2022-07-19 12:38:11,838:INFO:Initializing setup()
2022-07-19 12:38:11,838:INFO:setup(target=Price, ml_usecase=regression, available_plots={'parameter': 'Hyperparameters', 'residuals': 'Residuals', 'error': 'Prediction Error', 'cooks': 'Cooks Distance', 'rfe': 'Feature Selection', 'learning': 'Learning Curve', 'manifold': 'Manifold Learning', 'vc': 'Validation Curve', 'feature': 'Feature Importance', 'feature_all': 'Feature Importance (All)', 'tree': 'Decision Tree'}, train_size=0.7, test_data=None, preprocess=True, imputation_type=simple, iterative_imputation_iters=5, categorical_features=None, categorical_imputation=constant, categorical_iterative_imputer=lightgbm, ordinal_features=None, high_cardinality_features=None, high_cardinality_method=frequency, numeric_features=None, numeric_imputation=mean, numeric_iterative_imputer=lightgbm, date_features=None, ignore_features=None, normalize=False, normalize_method=zscore, transformation=False, transformation_method=yeo-johnson, handle_unknown_categorical=True, unknown_categorical_method=least_frequent, pca=False, pca_method=linear, pca_components=None, ignore_low_variance=False, combine_rare_levels=False, rare_level_threshold=0.1, bin_numeric_features=None, remove_outliers=False, outliers_threshold=0.05, remove_multicollinearity=False, multicollinearity_threshold=0.9, remove_perfect_collinearity=True, create_clusters=False, cluster_iter=20, polynomial_features=False, polynomial_degree=2, trigonometry_features=False, polynomial_threshold=0.1, group_features=None, group_names=None, feature_selection=False, feature_selection_threshold=0.8, feature_selection_method=classic, feature_interaction=False, feature_ratio=False, interaction_threshold=0.01, fix_imbalance=False, fix_imbalance_method=None, transform_target=False, transform_target_method=box-cox, data_split_shuffle=True, data_split_stratify=False, fold_strategy=kfold, fold=10, fold_shuffle=False, fold_groups=None, n_jobs=-1, use_gpu=False, custom_pipeline=None, html=True, session_id=None, log_experiment=False, experiment_name=None, log_plots=False, log_profile=False, log_data=False, silent=False, verbose=True, profile=False, profile_kwargs=None, display=None)
2022-07-19 12:38:11,838:INFO:Checking environment
2022-07-19 12:38:11,838:INFO:python_version: 3.9.7
2022-07-19 12:38:11,838:INFO:python_build: ('tags/v3.9.7:1016ef3', 'Aug 30 2021 20:19:38')
2022-07-19 12:38:11,838:INFO:machine: AMD64
2022-07-19 12:38:11,838:INFO:platform: Windows-10-10.0.19043-SP0
2022-07-19 12:38:11,838:INFO:Memory: svmem(total=12815585280, available=5000093696, percent=61.0, used=7815491584, free=5000093696)
2022-07-19 12:38:11,839:INFO:Physical Core: 4
2022-07-19 12:38:11,839:INFO:Logical Core: 8
2022-07-19 12:38:11,839:INFO:Checking libraries
2022-07-19 12:38:11,839:INFO:pd==1.3.2
2022-07-19 12:38:11,839:INFO:numpy==1.21.6
2022-07-19 12:38:11,839:INFO:sklearn==1.1.1
2022-07-19 12:38:12,067:INFO:xgboost==1.4.2
2022-07-19 12:38:12,067:INFO:lightgbm==3.3.2
2022-07-19 12:38:12,087:INFO:catboost==1.0.6
2022-07-19 12:38:12,618:INFO:mlflow==1.27.0
2022-07-19 12:38:12,618:INFO:Checking Exceptions
2022-07-19 12:38:12,618:INFO:Declaring global variables
2022-07-19 12:38:12,618:INFO:USI: e2e2
2022-07-19 12:38:12,619:INFO:pycaret_globals: {'transform_target_method_param', '_all_metrics', 'fix_imbalance_param', 'experiment__', 'X_test', 'y_test', 'display_container', '_ml_usecase', 'X_train', 'target_param', 'fold_groups_param', 'prep_pipe', 'master_model_container', 'fold_generator', 'imputation_classifier', 'seed', 'pycaret_globals', 'exp_name_log', 'html_param', 'transform_target_param', 'fold_param', 'imputation_regressor', 'data_before_preprocess', '_available_plots', 'gpu_param', '_all_models', 'fold_shuffle_param', 'create_model_container', '_all_models_internal', '_internal_pipeline', 'logging_param', 'fix_imbalance_method_param', 'X', 'log_plots_param', 'y_train', 'n_jobs_param', 'iterative_imputation_iters_param', '_gpu_n_jobs_param', 'stratify_param', 'USI', 'y'}
2022-07-19 12:38:12,619:INFO:Preparing display monitor
2022-07-19 12:38:12,619:INFO:Preparing display monitor
2022-07-19 12:38:12,630:INFO:Importing libraries
2022-07-19 12:38:12,631:INFO:Copying data for preprocessing
2022-07-19 12:38:12,643:INFO:Declaring preprocessing parameters
2022-07-19 12:38:12,647:INFO:Creating preprocessing pipeline
2022-07-19 12:38:12,674:INFO:Preprocessing pipeline created successfully
2022-07-19 12:38:12,674:ERROR:(Process Exit): setup has been interupted with user command 'quit'. setup must rerun.
2022-07-19 12:38:12,674:INFO:Creating global containers
2022-07-21 16:38:03,976:INFO:PyCaret Supervised Module
2022-07-21 16:38:03,978:INFO:ML Usecase: regression
2022-07-21 16:38:03,978:INFO:version 2.2.2
2022-07-21 16:38:03,978:INFO:Initializing setup()
2022-07-21 16:38:03,979:INFO:setup(target=Price, ml_usecase=regression, available_plots={'parameter': 'Hyperparameters', 'residuals': 'Residuals', 'error': 'Prediction Error', 'cooks': 'Cooks Distance', 'rfe': 'Feature Selection', 'learning': 'Learning Curve', 'manifold': 'Manifold Learning', 'vc': 'Validation Curve', 'feature': 'Feature Importance', 'feature_all': 'Feature Importance (All)', 'tree': 'Decision Tree'}, train_size=0.7, test_data=None, preprocess=True, imputation_type=simple, iterative_imputation_iters=5, categorical_features=None, categorical_imputation=constant, categorical_iterative_imputer=lightgbm, ordinal_features=None, high_cardinality_features=None, high_cardinality_method=frequency, numeric_features=None, numeric_imputation=mean, numeric_iterative_imputer=lightgbm, date_features=None, ignore_features=None, normalize=False, normalize_method=zscore, transformation=False, transformation_method=yeo-johnson, handle_unknown_categorical=True, unknown_categorical_method=least_frequent, pca=False, pca_method=linear, pca_components=None, ignore_low_variance=False, combine_rare_levels=False, rare_level_threshold=0.1, bin_numeric_features=None, remove_outliers=False, outliers_threshold=0.05, remove_multicollinearity=False, multicollinearity_threshold=0.9, remove_perfect_collinearity=True, create_clusters=False, cluster_iter=20, polynomial_features=False, polynomial_degree=2, trigonometry_features=False, polynomial_threshold=0.1, group_features=None, group_names=None, feature_selection=False, feature_selection_threshold=0.8, feature_selection_method=classic, feature_interaction=False, feature_ratio=False, interaction_threshold=0.01, fix_imbalance=False, fix_imbalance_method=None, transform_target=False, transform_target_method=box-cox, data_split_shuffle=True, data_split_stratify=False, fold_strategy=kfold, fold=10, fold_shuffle=False, fold_groups=None, n_jobs=-1, use_gpu=False, custom_pipeline=None, html=True, session_id=None, log_experiment=False, experiment_name=None, log_plots=False, log_profile=False, log_data=False, silent=False, verbose=True, profile=False, profile_kwargs=None, display=None)
2022-07-21 16:38:03,979:INFO:Checking environment
2022-07-21 16:38:03,979:INFO:python_version: 3.9.7
2022-07-21 16:38:03,979:INFO:python_build: ('tags/v3.9.7:1016ef3', 'Aug 30 2021 20:19:38')
2022-07-21 16:38:03,979:INFO:machine: AMD64
2022-07-21 16:38:03,979:INFO:platform: Windows-10-10.0.19043-SP0
2022-07-21 16:38:03,979:INFO:Memory: svmem(total=12815585280, available=2380722176, percent=81.4, used=10434863104, free=2380722176)
2022-07-21 16:38:03,979:INFO:Physical Core: 4
2022-07-21 16:38:03,979:INFO:Logical Core: 8
2022-07-21 16:38:03,979:INFO:Checking libraries
2022-07-21 16:38:03,979:INFO:pd==1.3.2
2022-07-21 16:38:03,979:INFO:numpy==1.21.6
2022-07-21 16:38:03,979:INFO:sklearn==1.1.1
2022-07-21 16:38:04,532:INFO:xgboost==1.4.2
2022-07-21 16:38:04,532:INFO:lightgbm==3.3.2
2022-07-21 16:38:05,138:INFO:catboost==1.0.6
2022-07-21 16:38:06,504:INFO:mlflow==1.27.0
2022-07-21 16:38:06,505:INFO:Checking Exceptions
2022-07-21 16:38:06,505:INFO:Declaring global variables
2022-07-21 16:38:06,505:INFO:USI: c7ef
2022-07-21 16:38:06,505:INFO:pycaret_globals: {'X', 'y', 'gpu_param', 'fix_imbalance_method_param', 'display_container', 'transform_target_param', 'pycaret_globals', 'fold_shuffle_param', 'transform_target_method_param', 'stratify_param', '_ml_usecase', 'log_plots_param', 'fold_groups_param', 'n_jobs_param', 'y_train', 'X_test', 'imputation_classifier', 'create_model_container', '_internal_pipeline', '_all_models', 'y_test', 'seed', 'USI', 'target_param', 'master_model_container', '_gpu_n_jobs_param', 'experiment__', 'exp_name_log', 'html_param', 'fold_param', 'imputation_regressor', '_available_plots', 'data_before_preprocess', 'fold_generator', '_all_metrics', '_all_models_internal', 'fix_imbalance_param', 'prep_pipe', 'X_train', 'iterative_imputation_iters_param', 'logging_param'}
2022-07-21 16:38:06,505:INFO:Preparing display monitor
2022-07-21 16:38:06,505:INFO:Preparing display monitor
2022-07-21 16:38:06,516:INFO:Importing libraries
2022-07-21 16:38:06,517:INFO:Copying data for preprocessing
2022-07-21 16:38:06,525:INFO:Declaring preprocessing parameters
2022-07-21 16:38:06,528:INFO:Creating preprocessing pipeline
2022-07-21 16:38:06,596:INFO:Preprocessing pipeline created successfully
2022-07-21 16:38:06,596:ERROR:(Process Exit): setup has been interupted with user command 'quit'. setup must rerun.
2022-07-21 16:38:06,596:INFO:Creating global containers
